
🚀 Connecting 254723387963 via QR...

[254723387963] 🔄 Connection closed (code 515). Reconnecting in 5s...

[254723387963] ✅ CONNECTED!
[254723387963] 📌 Reply to any view-once with any text to forward it

[254723387963] 🚫 Logged out (code 440). Clearing auth and reconnecting with fresh QR...
node:fs:1221
  return binding.rmSync(getValidatedPath(path), opts.maxRetries, opts.recursive, opts.retryDelay);
                 ^

Error: ENOTEMPTY, Directory not empty: \\?\C:\Users\Abracadabra\OneDrive\Desktop\view once\whatsapp-viewonce-bot\sessions\254723387963 '\\?\C:\Users\Abracadabra\OneDrive\Desktop\view once\whatsapp-viewonce-bot\sessions\254723387963'
    at Object.rmSync (node:fs:1221:18)
    at clearSessionState (C:\Users\Abracadabra\OneDrive\Desktop\view once\whatsapp-viewonce-bot\bot.js:73:16)
    at EventEmitter.<anonymous> (C:\Users\Abracadabra\OneDrive\Desktop\view once\whatsapp-viewonce-bot\bot.js:148:17)
    at EventEmitter.emit (node:events:520:35)
    at EventEmitter.<anonymous> (file:///C:/Users/Abracadabra/OneDrive/Desktop/view%20once/node_modules/@whiskeysockets/baileys/lib/Utils/event-buffer.js:38:16)
    at EventEmitter.emit (node:events:508:28)
    at Object.emit (file:///C:/Users/Abracadabra/OneDrive/Desktop/view%20once/node_modules/@whiskeysockets/baileys/lib/Utils/event-buffer.js:134:23)
    at end (file:///C:/Users/Abracadabra/OneDrive/Desktop/view%20once/node_modules/@whiskeysockets/baileys/lib/Socket/socket.js:496:12) {
  errno: 41,
  code: 'ENOTEMPTY',
  path: '\\\\?\\C:\\Users\\Abracadabra\\OneDrive\\Desktop\\view once\\whatsapp-viewonce-bot\\sessions\\254723387963',
  syscall: 'rm'
}

Node.js v24.14.0
