
🚀 Connecting 254110547624 via QR...

[254110547624] 🔄 Connection closed (code 515). Reconnecting in 5s...
[254110547624] 🔁 Restarting session...

[254110547624] ✅ CONNECTED!
[254110547624] 📌 Reply to any view-once with any text to forward it

[254110547624] 🚫 Logged out (code 440). Clearing auth and reconnecting with fresh QR...
node:fs:1221
  return binding.rmSync(getValidatedPath(path), opts.maxRetries, opts.recursive, opts.retryDelay);
                 ^

Error: ENOTEMPTY, Directory not empty: \\?\C:\Users\Abracadabra\OneDrive\Desktop\view once\whatsapp-viewonce-bot\sessions\254110547624 '\\?\C:\Users\Abracadabra\OneDrive\Desktop\view once\whatsapp-viewonce-bot\sessions\254110547624'
    at Object.rmSync (node:fs:1221:18)
    at clearSessionState (C:\Users\Abracadabra\OneDrive\Desktop\view once\whatsapp-viewonce-bot\bot.js:73:16)
    at EventEmitter.<anonymous> (C:\Users\Abracadabra\OneDrive\Desktop\view once\whatsapp-viewonce-bot\bot.js:168:17)
    at EventEmitter.emit (node:events:520:35)
    at EventEmitter.<anonymous> (file:///C:/Users/Abracadabra/OneDrive/Desktop/view%20once/node_modules/@whiskeysockets/baileys/lib/Utils/event-buffer.js:38:16)
    at EventEmitter.emit (node:events:508:28)
    at Object.emit (file:///C:/Users/Abracadabra/OneDrive/Desktop/view%20once/node_modules/@whiskeysockets/baileys/lib/Utils/event-buffer.js:134:23)
    at end (file:///C:/Users/Abracadabra/OneDrive/Desktop/view%20once/node_modules/@whiskeysockets/baileys/lib/Socket/socket.js:496:12) {
  errno: 41,
  code: 'ENOTEMPTY',
  path: '\\\\?\\C:\\Users\\Abracadabra\\OneDrive\\Desktop\\view once\\whatsapp-viewonce-bot\\sessions\\254110547624',
  syscall: 'rm'
}

Node.js v24.14.0

🚀 Connecting 254110547624 via QR...


[254110547624] ✅ CONNECTED!
[254110547624] 📌 Reply to any view-once with any text to forward it

Failed to decrypt message with any known session...
Session error:Error: Bad MAC Error: Bad MAC
    at Object.verifyMAC (C:\Users\Abracadabra\OneDrive\Desktop\view once\node_modules\libsignal\src\crypto.js:87:15)
    at SessionCipher.doDecryptWhisperMessage (C:\Users\Abracadabra\OneDrive\Desktop\view once\node_modules\libsignal\src\session_cipher.js:250:16)
    at async SessionCipher.decryptWithSessions (C:\Users\Abracadabra\OneDrive\Desktop\view once\node_modules\libsignal\src\session_cipher.js:147:29)
    at async 53141747806387_1.0 [as awaitable] (C:\Users\Abracadabra\OneDrive\Desktop\view once\node_modules\libsignal\src\session_cipher.js:171:28)
    at async _asyncQueueExecutor (C:\Users\Abracadabra\OneDrive\Desktop\view once\node_modules\libsignal\src\queue_job.js:20:29)
Session error:Error: Bad MAC Error: Bad MAC
    at Object.verifyMAC (C:\Users\Abracadabra\OneDrive\Desktop\view once\node_modules\libsignal\src\crypto.js:87:15)
    at SessionCipher.doDecryptWhisperMessage (C:\Users\Abracadabra\OneDrive\Desktop\view once\node_modules\libsignal\src\session_cipher.js:250:16)
    at async SessionCipher.decryptWithSessions (C:\Users\Abracadabra\OneDrive\Desktop\view once\node_modules\libsignal\src\session_cipher.js:147:29)
    at async 53141747806387_1.0 [as awaitable] (C:\Users\Abracadabra\OneDrive\Desktop\view once\node_modules\libsignal\src\session_cipher.js:171:28)
    at async _asyncQueueExecutor (C:\Users\Abracadabra\OneDrive\Desktop\view once\node_modules\libsignal\src\queue_job.js:20:29)
Failed to decrypt message with any known session...
Session error:Error: Bad MAC Error: Bad MAC
    at Object.verifyMAC (C:\Users\Abracadabra\OneDrive\Desktop\view once\node_modules\libsignal\src\crypto.js:87:15)
    at SessionCipher.doDecryptWhisperMessage (C:\Users\Abracadabra\OneDrive\Desktop\view once\node_modules\libsignal\src\session_cipher.js:250:16)
    at async SessionCipher.decryptWithSessions (C:\Users\Abracadabra\OneDrive\Desktop\view once\node_modules\libsignal\src\session_cipher.js:147:29)
    at async 53141747806387_1.0 [as awaitable] (C:\Users\Abracadabra\OneDrive\Desktop\view once\node_modules\libsignal\src\session_cipher.js:171:28)
    at async _asyncQueueExecutor (C:\Users\Abracadabra\OneDrive\Desktop\view once\node_modules\libsignal\src\queue_job.js:20:29)
Session error:Error: Bad MAC Error: Bad MAC
    at Object.verifyMAC (C:\Users\Abracadabra\OneDrive\Desktop\view once\node_modules\libsignal\src\crypto.js:87:15)
    at SessionCipher.doDecryptWhisperMessage (C:\Users\Abracadabra\OneDrive\Desktop\view once\node_modules\libsignal\src\session_cipher.js:250:16)
    at async SessionCipher.decryptWithSessions (C:\Users\Abracadabra\OneDrive\Desktop\view once\node_modules\libsignal\src\session_cipher.js:147:29)
    at async 53141747806387_1.0 [as awaitable] (C:\Users\Abracadabra\OneDrive\Desktop\view once\node_modules\libsignal\src\session_cipher.js:171:28)
    at async _asyncQueueExecutor (C:\Users\Abracadabra\OneDrive\Desktop\view once\node_modules\libsignal\src\queue_job.js:20:29)

[254110547624] 🔥 View-once reply detected! Forwarding...
Closing session: SessionEntry {
  _chains: {
    BfWCxSyiv8JZv3bstxmnED1odbWSkCOUEbYEFDeCLENL: { chainKey: [Object], chainType: 2, messageKeys: {} },
    'BQoEC3iRzaHrK/HK4KvDL0GKvC/Lp6sPSt3snzLhNJlU': { chainKey: [Object], chainType: 2, messageKeys: {} },
    BeUjqUTOHyfKsbGQO24jojFuuv9rxiBcxdYbyzJl5MUs: { chainKey: [Object], chainType: 2, messageKeys: {} },
    'BT3nh8bEex/9JwlGsj6NVTsvznC1Gorug+roO+KTKvQi': { chainKey: [Object], chainType: 1, messageKeys: {} }
  },
  registrationId: 1381193030,
  currentRatchet: {
    ephemeralKeyPair: {
      pubKey: <Buffer 05 3d e7 87 c6 c4 7b 1f fd 27 09 46 b2 3e 8d 55 3b 2f ce 70 b5 1a 8a ee 83 ea e8 3b e2 93 2a f4 22>,
      privKey: <Buffer e0 41 71 7d 3e af 19 15 a3 16 ac f1 c6 6f 01 59 50 2e 0d 34 f3 11 b3 f7 57 73 ed b9 bc f6 15 59>
    },
    lastRemoteEphemeralKey: <Buffer 05 e5 23 a9 44 ce 1f 27 ca b1 b1 90 3b 6e 23 a2 31 6e ba ff 6b c6 20 5c c5 d6 1b cb 32 65 e4 c5 2c>,
    previousCounter: 0,
    rootKey: <Buffer bf d2 a7 30 12 a7 29 db aa 3a 57 2e bb 5f b9 08 77 73 a7 ea 4e 2e e6 fa 0f 50 14 6a 1b 2c de 56>
  },
  indexInfo: {
    baseKey: <Buffer 05 5c a8 8d b6 47 ab fb 94 f4 4e 75 b4 cf 3b e3 e9 b3 0b e1 6b f1 66 dc b6 48 bb ca 2d ea 57 b4 57>,
    baseKeyType: 2,
    closed: -1,
    used: 1784389014028,
    created: 1784387633970,
    remoteIdentityKey: <Buffer 05 52 f8 3b b9 e2 5c d7 65 27 b0 88 22 65 cf 70 18 68 bd 91 8f 14 85 ba e1 79 67 84 6c 63 b6 e7 3a>
  }
}
[254110547624] ✅ Forwarded to owner (1147.0 KB — not saved to disk)
